2020-08-07T00:58:55.988Z [my-bank-api] info: API Started and File Created!
2020-08-07T00:59:22.639Z [my-bank-api] error: ENOENT: no such file or directory, open 'C:\Projetos\IGTI\Bootcamp Full Stack\bootcampFullStackIGTI\desenvolvimentoDeAPIs\api\accounts.json'
2020-08-07T01:00:05.250Z [my-bank-api] error: ENOENT: no such file or directory, open 'C:\Projetos\IGTI\Bootcamp Full Stack\bootcampFullStackIGTI\desenvolvimentoDeAPIs\api\accounts.json'
2020-08-07T01:01:01.771Z [my-bank-api] error: ENOENT: no such file or directory, open 'C:\Projetos\IGTI\Bootcamp Full Stack\bootcampFullStackIGTI\desenvolvimentoDeAPIs\api\accounts.json'
2020-08-07T01:01:32.699Z [my-bank-api] info: API Started and File Created!
2020-08-07T01:05:27.376Z [my-bank-api] error: ENOENT: no such file or directory, open 'C:\Projetos\IGTI\Bootcamp Full Stack\bootcampFullStackIGTI\desenvolvimentoDeAPIs\api\accounts.json'
2020-08-07T01:05:37.648Z [my-bank-api] error: ENOENT: no such file or directory, open 'C:\Projetos\IGTI\Bootcamp Full Stack\bootcampFullStackIGTI\desenvolvimentoDeAPIs\api\accounts.json'
2020-08-07T01:06:26.206Z [my-bank-api] error: ENOENT: no such file or directory, open 'C:\Projetos\IGTI\Bootcamp Full Stack\bootcampFullStackIGTI\desenvolvimentoDeAPIs\api\accounts.json'
2020-08-07T01:07:14.552Z [my-bank-api] info: API Started and File Created!
2020-08-07T01:07:42.447Z [my-bank-api] error: ENOENT: no such file or directory, open 'C:\Projetos\IGTI\Bootcamp Full Stack\bootcampFullStackIGTI\desenvolvimentoDeAPIs\api\accounts.json'
2020-08-07T01:07:43.479Z [my-bank-api] error: ENOENT: no such file or directory, open 'C:\Projetos\IGTI\Bootcamp Full Stack\bootcampFullStackIGTI\desenvolvimentoDeAPIs\api\accounts.json'
2020-08-07T01:07:44.145Z [my-bank-api] error: ENOENT: no such file or directory, open 'C:\Projetos\IGTI\Bootcamp Full Stack\bootcampFullStackIGTI\desenvolvimentoDeAPIs\api\accounts.json'
2020-08-07T01:07:44.718Z [my-bank-api] error: ENOENT: no such file or directory, open 'C:\Projetos\IGTI\Bootcamp Full Stack\bootcampFullStackIGTI\desenvolvimentoDeAPIs\api\accounts.json'
2020-08-07T01:07:45.314Z [my-bank-api] error: ENOENT: no such file or directory, open 'C:\Projetos\IGTI\Bootcamp Full Stack\bootcampFullStackIGTI\desenvolvimentoDeAPIs\api\accounts.json'
2020-08-07T01:07:46.384Z [my-bank-api] error: ENOENT: no such file or directory, open 'C:\Projetos\IGTI\Bootcamp Full Stack\bootcampFullStackIGTI\desenvolvimentoDeAPIs\api\accounts.json'
2020-08-07T01:07:46.956Z [my-bank-api] error: ENOENT: no such file or directory, open 'C:\Projetos\IGTI\Bootcamp Full Stack\bootcampFullStackIGTI\desenvolvimentoDeAPIs\api\accounts.json'
2020-08-07T01:07:47.381Z [my-bank-api] error: ENOENT: no such file or directory, open 'C:\Projetos\IGTI\Bootcamp Full Stack\bootcampFullStackIGTI\desenvolvimentoDeAPIs\api\accounts.json'
2020-08-07T01:07:50.986Z [my-bank-api] error: ENOENT: no such file or directory, open 'C:\Projetos\IGTI\Bootcamp Full Stack\bootcampFullStackIGTI\desenvolvimentoDeAPIs\api\accounts.json'
2020-08-07T01:07:56.768Z [my-bank-api] error: ENOENT: no such file or directory, open 'C:\Projetos\IGTI\Bootcamp Full Stack\bootcampFullStackIGTI\desenvolvimentoDeAPIs\api\accounts.json'
2020-08-07T01:08:32.685Z [my-bank-api] error: ENOENT: no such file or directory, open 'C:\Projetos\IGTI\Bootcamp Full Stack\bootcampFullStackIGTI\desenvolvimentoDeAPIs\api\accounts.json'
2020-08-07T01:08:38.988Z [my-bank-api] error: ENOENT: no such file or directory, open 'C:\Projetos\IGTI\Bootcamp Full Stack\bootcampFullStackIGTI\desenvolvimentoDeAPIs\api\accounts.json'
2020-08-07T01:08:40.575Z [my-bank-api] error: ENOENT: no such file or directory, open 'C:\Projetos\IGTI\Bootcamp Full Stack\bootcampFullStackIGTI\desenvolvimentoDeAPIs\api\accounts.json'
2020-08-07T01:08:40.935Z [my-bank-api] error: ENOENT: no such file or directory, open 'C:\Projetos\IGTI\Bootcamp Full Stack\bootcampFullStackIGTI\desenvolvimentoDeAPIs\api\accounts.json'
2020-08-07T01:08:41.152Z [my-bank-api] error: ENOENT: no such file or directory, open 'C:\Projetos\IGTI\Bootcamp Full Stack\bootcampFullStackIGTI\desenvolvimentoDeAPIs\api\accounts.json'
2020-08-07T01:08:41.335Z [my-bank-api] error: ENOENT: no such file or directory, open 'C:\Projetos\IGTI\Bootcamp Full Stack\bootcampFullStackIGTI\desenvolvimentoDeAPIs\api\accounts.json'
2020-08-07T01:08:41.518Z [my-bank-api] error: ENOENT: no such file or directory, open 'C:\Projetos\IGTI\Bootcamp Full Stack\bootcampFullStackIGTI\desenvolvimentoDeAPIs\api\accounts.json'
2020-08-07T01:08:41.656Z [my-bank-api] error: ENOENT: no such file or directory, open 'C:\Projetos\IGTI\Bootcamp Full Stack\bootcampFullStackIGTI\desenvolvimentoDeAPIs\api\accounts.json'
2020-08-07T01:08:41.822Z [my-bank-api] error: ENOENT: no such file or directory, open 'C:\Projetos\IGTI\Bootcamp Full Stack\bootcampFullStackIGTI\desenvolvimentoDeAPIs\api\accounts.json'
2020-08-07T01:08:41.986Z [my-bank-api] error: ENOENT: no such file or directory, open 'C:\Projetos\IGTI\Bootcamp Full Stack\bootcampFullStackIGTI\desenvolvimentoDeAPIs\api\accounts.json'
2020-08-07T01:08:42.152Z [my-bank-api] error: ENOENT: no such file or directory, open 'C:\Projetos\IGTI\Bootcamp Full Stack\bootcampFullStackIGTI\desenvolvimentoDeAPIs\api\accounts.json'
2020-08-07T01:08:42.322Z [my-bank-api] error: ENOENT: no such file or directory, open 'C:\Projetos\IGTI\Bootcamp Full Stack\bootcampFullStackIGTI\desenvolvimentoDeAPIs\api\accounts.json'
2020-08-07T01:08:42.673Z [my-bank-api] error: ENOENT: no such file or directory, open 'C:\Projetos\IGTI\Bootcamp Full Stack\bootcampFullStackIGTI\desenvolvimentoDeAPIs\api\accounts.json'
2020-08-07T01:08:45.788Z [my-bank-api] error: ENOENT: no such file or directory, open 'C:\Projetos\IGTI\Bootcamp Full Stack\bootcampFullStackIGTI\desenvolvimentoDeAPIs\api\accounts.json'
2020-08-07T01:08:46.160Z [my-bank-api] error: ENOENT: no such file or directory, open 'C:\Projetos\IGTI\Bootcamp Full Stack\bootcampFullStackIGTI\desenvolvimentoDeAPIs\api\accounts.json'
2020-08-07T01:08:46.492Z [my-bank-api] error: ENOENT: no such file or directory, open 'C:\Projetos\IGTI\Bootcamp Full Stack\bootcampFullStackIGTI\desenvolvimentoDeAPIs\api\accounts.json'
2020-08-07T01:08:46.708Z [my-bank-api] error: ENOENT: no such file or directory, open 'C:\Projetos\IGTI\Bootcamp Full Stack\bootcampFullStackIGTI\desenvolvimentoDeAPIs\api\accounts.json'
2020-08-07T01:08:46.974Z [my-bank-api] error: ENOENT: no such file or directory, open 'C:\Projetos\IGTI\Bootcamp Full Stack\bootcampFullStackIGTI\desenvolvimentoDeAPIs\api\accounts.json'
2020-08-07T01:08:47.158Z [my-bank-api] error: ENOENT: no such file or directory, open 'C:\Projetos\IGTI\Bootcamp Full Stack\bootcampFullStackIGTI\desenvolvimentoDeAPIs\api\accounts.json'
2020-08-07T01:08:47.408Z [my-bank-api] error: ENOENT: no such file or directory, open 'C:\Projetos\IGTI\Bootcamp Full Stack\bootcampFullStackIGTI\desenvolvimentoDeAPIs\api\accounts.json'
2020-08-07T01:08:47.544Z [my-bank-api] error: ENOENT: no such file or directory, open 'C:\Projetos\IGTI\Bootcamp Full Stack\bootcampFullStackIGTI\desenvolvimentoDeAPIs\api\accounts.json'
2020-08-07T01:08:47.723Z [my-bank-api] error: ENOENT: no such file or directory, open 'C:\Projetos\IGTI\Bootcamp Full Stack\bootcampFullStackIGTI\desenvolvimentoDeAPIs\api\accounts.json'
2020-08-07T01:08:47.899Z [my-bank-api] error: ENOENT: no such file or directory, open 'C:\Projetos\IGTI\Bootcamp Full Stack\bootcampFullStackIGTI\desenvolvimentoDeAPIs\api\accounts.json'
2020-08-07T01:08:48.070Z [my-bank-api] error: ENOENT: no such file or directory, open 'C:\Projetos\IGTI\Bootcamp Full Stack\bootcampFullStackIGTI\desenvolvimentoDeAPIs\api\accounts.json'
2020-08-07T01:13:41.305Z [my-bank-api] info: API Started and File Created!
2020-08-07T01:13:59.724Z [my-bank-api] info: API Started and File Created!
2020-08-07T01:14:07.751Z [my-bank-api] error: POST /account - ENOENT: no such file or directory, open 'C:\Projetos\IGTI\Bootcamp Full Stack\bootcampFullStackIGTI\desenvolvimentoDeAPIs\api\accounts.json'
2020-08-07T01:17:21.441Z [my-bank-api] info: API Started and File Created!
2020-08-07T01:18:50.609Z [my-bank-api] info: API Started!
2020-08-07T01:18:55.356Z [my-bank-api] info: API Started!
2020-08-07T01:19:33.180Z [my-bank-api] info: API Started!
2020-08-07T01:19:50.232Z [my-bank-api] info: API Started!
2020-08-07T01:20:02.597Z [my-bank-api] info: API Started!
2020-08-07T01:20:13.357Z [my-bank-api] info: API Started!
2020-08-07T01:20:23.892Z [my-bank-api] info: API Started!
2020-08-07T01:20:32.045Z [my-bank-api] info: API Started!
2020-08-07T01:20:35.129Z [my-bank-api] info: API Started!
2020-08-07T01:20:44.719Z [my-bank-api] info: API Started!
2020-08-07T01:21:00.253Z [my-bank-api] info: GET /account
2020-08-07T01:21:08.685Z [my-bank-api] info: GET /account/:id
2020-08-07T01:21:11.563Z [my-bank-api] info: GET /account
2020-08-07T01:21:13.534Z [my-bank-api] info: GET /account
2020-08-07T01:21:18.039Z [my-bank-api] info: POST /account - {"id":1,"name":"Luccas 2","balance":200}
2020-08-07T01:21:20.221Z [my-bank-api] info: GET /account
2020-08-07T01:26:34.994Z [my-bank-api] info: API Started!
2020-08-07T01:27:37.823Z [my-bank-api] info: API Started!
2020-08-07T01:27:39.641Z [my-bank-api] info: GET /account
2020-08-07T01:28:18.328Z [my-bank-api] info: API Started!
2020-08-07T01:29:05.712Z [my-bank-api] info: API Started!
2020-08-07T01:29:10.746Z [my-bank-api] info: API Started!
2020-08-07T01:29:40.631Z [my-bank-api] info: GET /account
2020-08-07T01:29:55.731Z [my-bank-api] error: POST /account - Os campos Name e Balance são obrigatórios.
2020-08-07T01:30:01.115Z [my-bank-api] info: GET /account
2020-08-07T01:30:28.504Z [my-bank-api] info: GET /account/:id
2020-08-07T01:30:39.726Z [my-bank-api] error: POST /account - Os campos Name e Balance são obrigatórios.
2020-08-07T01:31:53.578Z [my-bank-api] info: API Started!
2020-08-07T01:31:58.533Z [my-bank-api] info: API Started!
2020-08-07T01:32:13.516Z [my-bank-api] error: POST /account - Os campos Name e Balance são obrigatórios.
2020-08-07T01:32:20.636Z [my-bank-api] error: POST /account - Os campos Name e Balance são obrigatórios.
2020-08-07T01:32:32.698Z [my-bank-api] info: POST /account - {"id":2,"name":"Luccas","balance":200}
2020-08-07T01:32:37.452Z [my-bank-api] info: POST /account - {"id":3,"name":"Luccas","balance":200}
2020-08-07T01:32:40.333Z [my-bank-api] info: GET /account
2020-08-07T01:35:17.318Z [my-bank-api] info: API Started!
2020-08-07T01:35:28.485Z [my-bank-api] info: PUT /account - {"id":1000,"name":"Luccas Adriano","balance":200}
2020-08-07T01:37:24.307Z [my-bank-api] info: API Started!
2020-08-07T01:38:19.680Z [my-bank-api] info: API Started!
2020-08-07T01:38:29.324Z [my-bank-api] error: PUT /account - Os campos Name e Balance são obrigatórios.
2020-08-07T01:39:06.170Z [my-bank-api] info: API Started!
2020-08-07T01:39:11.810Z [my-bank-api] info: API Started!
2020-08-07T01:39:43.007Z [my-bank-api] info: API Started!
2020-08-07T01:39:46.417Z [my-bank-api] info: API Started!
2020-08-07T01:39:55.379Z [my-bank-api] info: API Started!
2020-08-07T01:40:54.152Z [my-bank-api] info: GET /account
2020-08-07T01:41:40.348Z [my-bank-api] info: PUT /account - {"id":2,"name":"Flavia","balance":1000}
2020-08-07T01:41:43.366Z [my-bank-api] info: GET /account
2020-08-07T01:42:39.522Z [my-bank-api] info: API Started!
2020-08-07T01:42:52.058Z [my-bank-api] error: PATCH /account - Registro não encontrado.
2020-08-07T01:43:05.930Z [my-bank-api] info: PATCH /account/updateBalance - {"id":3,"balance":202505}
2020-08-07T01:43:15.456Z [my-bank-api] info: PATCH /account/updateBalance - {"id":3}
2020-08-07T01:43:36.163Z [my-bank-api] info: PATCH /account/updateBalance - {"id":3,"balance":202505}
2020-08-07T01:44:44.257Z [my-bank-api] info: API Started!
2020-08-07T01:44:49.469Z [my-bank-api] error: PATCH /account - Registro não encontrado.
2020-08-07T01:45:01.106Z [my-bank-api] error: PATCH /account - Os campos ID e Balance são obrigatórios.
2020-08-07T01:45:05.903Z [my-bank-api] info: PATCH /account/updateBalance - {"id":3,"balance":202505}
2020-08-07T01:46:00.998Z [my-bank-api] info: API Started!
2020-08-07T01:46:07.406Z [my-bank-api] info: API Started!
2020-08-07T01:46:12.204Z [my-bank-api] error: PUT /account - Os campos Id, Name e Balance são obrigatórios.
2020-08-07T01:46:20.223Z [my-bank-api] error: PUT /account - Registro não encontrado.
2020-08-07T01:46:36.287Z [my-bank-api] info: POST /account - {"id":4,"name":"soje","balance":200}
2020-08-07T01:51:47.666Z [my-bank-api] info: API Started!
2020-08-07T01:54:48.970Z [my-bank-api] info: API Started!
2020-08-07T01:55:58.437Z [my-bank-api] info: API Started!
2020-08-07T01:56:16.666Z [my-bank-api] info: API Started!
2020-08-07T01:56:55.355Z [my-bank-api] info: GET /account
2020-08-07T01:57:06.949Z [my-bank-api] info: GET /account
2020-08-07T01:57:08.740Z [my-bank-api] info: GET /account
2020-08-07T02:55:01.748Z [my-bank-api] info: API Started!
2020-08-07T02:55:08.092Z [my-bank-api] info: GET /account
2020-08-07T02:55:47.202Z [my-bank-api] info: GET /account
